::1 - - [05/May/2017:13:55:50 +0200] "GET /dolibarr/install/ HTTP/1.1" 200 5594
::1 - - [05/May/2017:13:55:50 +0200] "GET /dolibarr/install/default.css HTTP/1.1" 200 6411
::1 - - [05/May/2017:13:55:50 +0200] "GET /dolibarr/includes/jquery/css/smoothness/jquery-ui.min.css HTTP/1.1" 200 30021
::1 - - [05/May/2017:13:55:50 +0200] "GET /dolibarr/includes/jquery/js/jquery.min.js HTTP/1.1" 200 97362
::1 - - [05/May/2017:13:55:50 +0200] "GET /dolibarr/theme/dolibarr_logo.png HTTP/1.1" 200 14646
::1 - - [05/May/2017:13:55:50 +0200] "GET /dolibarr/includes/jquery/js/jquery-ui.min.js HTTP/1.1" 200 240427
::1 - - [05/May/2017:13:55:50 +0200] "GET /favicon.ico HTTP/1.1" 404 209
::1 - - [05/May/2017:13:55:50 +0200] "GET /favicon.ico HTTP/1.1" 404 209
::1 - - [05/May/2017:13:57:36 +0200] "POST /dolibarr/install/check.php HTTP/1.1" 200 8502
::1 - - [05/May/2017:13:57:36 +0200] "GET /dolibarr/theme/eldy/img/1downarrow.png HTTP/1.1" 200 177
::1 - - [05/May/2017:13:57:37 +0200] "GET /dolibarr/theme/eldy/img/tick.png HTTP/1.1" 200 227
::1 - - [05/May/2017:13:57:42 +0200] "GET /dolibarr/install/fileconf.php?selectlang=auto HTTP/1.1" 200 11201
::1 - - [05/May/2017:13:57:42 +0200] "GET /dolibarr/theme/common/information.png HTTP/1.1" 200 4180
::1 - - [05/May/2017:13:58:21 +0200] "POST /dolibarr/install/step1.php HTTP/1.1" 200 2633
::1 - - [05/May/2017:13:58:31 +0200] "GET /dolibarr/install/fileconf.php?selectlang=auto HTTP/1.1" 200 11199
::1 - - [05/May/2017:13:58:35 +0200] "GET /dolibarr/install/fileconf.php?selectlang=auto HTTP/1.1" 200 11199
::1 - - [05/May/2017:13:59:40 +0200] "GET /dolibarr/install/fileconf.php?selectlang=auto HTTP/1.1" 200 11199
::1 - - [05/May/2017:14:00:00 +0200] "POST /dolibarr/install/step1.php HTTP/1.1" 200 2637
::1 - - [05/May/2017:14:00:06 +0200] "GET /dolibarr/install/fileconf.php?selectlang=auto HTTP/1.1" 200 11199
::1 - - [05/May/2017:14:00:09 +0200] "POST /dolibarr/install/check.php HTTP/1.1" 200 8382
::1 - - [05/May/2017:14:00:11 +0200] "GET /dolibarr/install/fileconf.php?selectlang=auto HTTP/1.1" 200 11199
::1 - - [05/May/2017:14:00:26 +0200] "POST /dolibarr/install/step1.php HTTP/1.1" 200 2637
::1 - - [05/May/2017:14:00:38 +0200] "GET /dolibarr/install/fileconf.php?selectlang=auto HTTP/1.1" 200 11199
::1 - - [05/May/2017:14:00:51 +0200] "POST /dolibarr/install/step1.php HTTP/1.1" 200 2637
::1 - - [05/May/2017:14:00:56 +0200] "GET /dolibarr/install/fileconf.php?selectlang=auto HTTP/1.1" 200 11201
::1 - - [05/May/2017:14:01:09 +0200] "GET /dolibarr/install/ HTTP/1.1" 302 -
::1 - - [05/May/2017:14:01:09 +0200] "GET /dolibarr/install/check.php?testget=ok HTTP/1.1" 200 8383
::1 - - [05/May/2017:14:01:11 +0200] "GET /dolibarr/install/fileconf.php?selectlang=es_MX HTTP/1.1" 200 11202
::1 - - [05/May/2017:14:01:18 +0200] "POST /dolibarr/install/step1.php HTTP/1.1" 200 3201
::1 - - [05/May/2017:14:01:25 +0200] "POST /dolibarr/install/step2.php HTTP/1.1" 200 1443379
::1 - - [05/May/2017:14:01:41 +0200] "POST /dolibarr/install/step4.php HTTP/1.1" 200 2364
::1 - - [05/May/2017:14:02:33 +0200] "POST /dolibarr/install/step5.php HTTP/1.1" 200 11007
::1 - - [05/May/2017:14:02:38 +0200] "GET /dolibarr/admin/index.php?mainmenu=home&leftmenu=setup&username=admin HTTP/1.1" 200 6397
::1 - - [05/May/2017:14:02:39 +0200] "GET /dolibarr/includes/jquery/css/smoothness/jquery-ui.css?version=4.0.1 HTTP/1.1" 200 35212
::1 - - [05/May/2017:14:02:39 +0200] "GET /dolibarr/theme/eldy/img/favicon.ico HTTP/1.1" 200 2238
::1 - - [05/May/2017:14:02:39 +0200] "GET /dolibarr/includes/jquery/js/jquery-ui.min.js?version=4.0.1 HTTP/1.1" 200 240427
::1 - - [05/May/2017:14:02:39 +0200] "GET /dolibarr/includes/jquery/plugins/tablednd/jquery.tablednd.0.6.min.js?version=4.0.1 HTTP/1.1" 200 5865
::1 - - [05/May/2017:14:02:39 +0200] "GET /dolibarr/includes/jquery/plugins/tiptip/jquery.tipTip.min.js?version=4.0.1 HTTP/1.1" 200 5251
::1 - - [05/May/2017:14:02:39 +0200] "GET /dolibarr/includes/jquery/plugins/jnotify/jquery.jnotify.min.js?version=4.0.1 HTTP/1.1" 200 3098
::1 - - [05/May/2017:14:02:39 +0200] "GET /dolibarr/core/js/jnotify.js?version=4.0.1 HTTP/1.1" 200 2153
::1 - - [05/May/2017:14:02:39 +0200] "GET /dolibarr/includes/jquery/plugins/flot/jquery.flot.min.js?version=4.0.1 HTTP/1.1" 200 52966
::1 - - [05/May/2017:14:02:39 +0200] "GET /dolibarr/includes/jquery/plugins/flot/jquery.flot.pie.min.js?version=4.0.1 HTTP/1.1" 200 12183
::1 - - [05/May/2017:14:02:39 +0200] "GET /dolibarr/includes/jquery/plugins/flot/jquery.flot.stack.min.js?version=4.0.1 HTTP/1.1" 200 2465
::1 - - [05/May/2017:14:02:39 +0200] "GET /dolibarr/includes/jquery/plugins/select2/select2.min.js?version=4.0.1 HTTP/1.1" 200 66596
::1 - - [05/May/2017:14:02:39 +0200] "GET /dolibarr/includes/jquery/plugins/tiptip/tipTip.css?version=4.0.1 HTTP/1.1" 200 2518
::1 - - [05/May/2017:14:02:39 +0200] "GET /dolibarr/includes/jquery/plugins/jnotify/jquery.jnotify-alt.min.css?version=4.0.1 HTTP/1.1" 200 2297
::1 - - [05/May/2017:14:02:39 +0200] "GET /dolibarr/includes/jquery/plugins/select2/select2.css?version=4.0.1 HTTP/1.1" 200 19457
::1 - - [05/May/2017:14:02:39 +0200] "GET /dolibarr/includes/jstz/jstz.min.js HTTP/1.1" 200 12076
::1 - - [05/May/2017:14:02:39 +0200] "GET /dolibarr/core/js/dst.js HTTP/1.1" 200 6204
::1 - - [05/May/2017:14:02:39 +0200] "GET /dolibarr/includes/jquery/js/jquery.min.js?version=4.0.1 HTTP/1.1" 200 97362
::1 - - [05/May/2017:14:02:39 +0200] "GET /dolibarr/core/js/select2_locale.js.php?version=4.0.1 HTTP/1.1" 200 796
::1 - - [05/May/2017:14:02:39 +0200] "GET /dolibarr/core/js/lib_head.js.php?version=4.0.1&version=4.0.1 HTTP/1.1" 200 31759
::1 - - [05/May/2017:14:02:39 +0200] "GET /dolibarr/core/js/datepicker.js.php?lang=es_MX&version=4.0.1 HTTP/1.1" 200 1275
::1 - - [05/May/2017:14:02:39 +0200] "GET /dolibarr/theme/eldy/style.css.php?lang=es_MX&theme=eldy&userid=0&entity=1&version=4.0.1 HTTP/1.1" 200 111896
::1 - - [05/May/2017:14:02:47 +0200] "POST /dolibarr/admin/index.php?mainmenu=home&leftmenu=setup&username=admin HTTP/1.1" 200 19623
::1 - - [05/May/2017:14:02:48 +0200] "GET /dolibarr/theme/eldy/style.css.php?lang=es_MX&theme=eldy&userid=1&entity=1&version=4.0.1 HTTP/1.1" 200 111902
::1 - - [05/May/2017:14:02:49 +0200] "GET /dolibarr/theme/eldy/img/title_setup.png HTTP/1.1" 200 1105
::1 - - [05/May/2017:14:02:49 +0200] "GET /dolibarr/theme/eldy/img/puce.png HTTP/1.1" 200 223
::1 - - [05/May/2017:14:02:49 +0200] "GET /dolibarr/public/theme/common/user_anonymous.png HTTP/1.1" 200 16334
::1 - - [05/May/2017:14:02:49 +0200] "GET /dolibarr/theme/eldy/img/printer_top.png HTTP/1.1" 200 316
::1 - - [05/May/2017:14:02:49 +0200] "GET /dolibarr/theme/eldy/img/helpdoc_top.png HTTP/1.1" 200 407
::1 - - [05/May/2017:14:02:49 +0200] "GET /dolibarr/theme/eldy/img/logout_top.png HTTP/1.1" 200 293
::1 - - [05/May/2017:14:02:49 +0200] "GET /dolibarr/theme/eldy/img/warning.png HTTP/1.1" 200 392
::1 - - [05/May/2017:14:02:49 +0200] "GET /dolibarr/theme/eldy/img/menutab-r.png HTTP/1.1" 200 198
::1 - - [05/May/2017:14:02:49 +0200] "GET /dolibarr/theme/eldy/img/menus/home.png HTTP/1.1" 200 679
::1 - - [05/May/2017:14:02:49 +0200] "GET /dolibarr/theme/eldy/img/logo_setup.svg HTTP/1.1" 200 31584
::1 - - [05/May/2017:14:02:49 +0200] "GET /dolibarr/includes/jquery/plugins/select2/select2.png HTTP/1.1" 200 613
::1 - - [05/May/2017:14:02:54 +0200] "GET /dolibarr/install/fileconf.php?selectlang=auto HTTP/1.1" 200 330
::1 - - [05/May/2017:14:03:00 +0200] "GET /phpmyadmin HTTP/1.1" 301 236
::1 - - [05/May/2017:14:03:00 +0200] "GET /phpmyadmin/ HTTP/1.1" 401 4096
::1 - root [05/May/2017:14:04:46 +0200] "GET /phpmyadmin/ HTTP/1.1" 401 3871
::1 - dolibarrmysql [05/May/2017:14:04:54 +0200] "GET /phpmyadmin/ HTTP/1.1" 401 3871
::1 - root [05/May/2017:14:04:58 +0200] "GET /phpmyadmin/ HTTP/1.1" 401 3871
::1 - - [05/May/2017:14:05:04 +0200] "GET /phpmyadmin/phpmyadmin.css.php?server=1&token=254199f89b2bfc63a5354c7952add16e&nocache=4291839835ltr HTTP/1.1" 200 84669
::1 - - [05/May/2017:14:05:04 +0200] "GET /phpmyadmin/favicon.ico HTTP/1.1" 200 18902
::1 - - [05/May/2017:14:05:04 +0200] "GET /phpmyadmin/js/get_image.js.php?theme=original HTTP/1.1" 200 6015
::1 - - [05/May/2017:14:05:04 +0200] "GET /phpmyadmin/js/messages.php?lang=es&db=&token=254199f89b2bfc63a5354c7952add16e HTTP/1.1" 200 19524
::1 - - [05/May/2017:14:05:04 +0200] "GET /phpmyadmin/js/get_scripts.js.php?token=254199f89b2bfc63a5354c7952add16e&scripts[]=jquery/jquery-1.8.3.min.js&scripts[]=ajax.js&scripts[]=keyhandler.js&scripts[]=jquery/jquery-ui-1.9.2.custom.min.js&scripts[]=jquery/jquery.sprintf.js&scripts[]=jquery/jquery.cookie.js&scripts[]=jquery/jquery.mousewheel.js&scripts[]=jquery/jquery.event.drag-2.2.js&scripts[]=jquery/jquery-ui-timepicker-addon.js&scripts[]=jquery/jquery.ba-hashchange-1.3.js&scripts[]=jquery/jquery.debounce-1.0.5.js&scripts[]=jquery/jquery.menuResizer-1.0.js&scripts[]=cross_framing_protection.js&scripts[]=rte.js&scripts[]=tracekit/tracekit.js&scripts[]=error_report.js&scripts[]=doclinks.js&scripts[]=functions.js&scripts[]=navigation.js&scripts[]=indexes.js&scripts[]=common.js&scripts[]=codemirror/lib/codemirror.js&scripts[]=codemirror/mode/sql/sql.js&scripts[]=codemirror/addon/runmode/runmode.js HTTP/1.1" 200 1039434
::1 - - [05/May/2017:14:05:04 +0200] "GET /phpmyadmin/themes/dot.gif HTTP/1.1" 200 43
::1 - - [05/May/2017:14:05:04 +0200] "GET /phpmyadmin/themes/original/jquery/jquery-ui-1.9.2.custom.css HTTP/1.1" 200 32278
::1 - - [05/May/2017:14:05:05 +0200] "GET /phpmyadmin/themes/original/img/sprites.png HTTP/1.1" 200 20509
::1 - - [05/May/2017:14:05:08 +0200] "GET /phpmyadmin/ HTTP/1.1" 401 3871
::1 - root [05/May/2017:14:05:11 +0200] "GET /phpmyadmin/ HTTP/1.1" 401 3871
::1 - - [05/May/2017:14:05:14 +0200] "GET /phpmyadmin/js/get_scripts.js.php?token=1fd5b40c362dc38d3faf702ee84854a5&scripts[]=jquery/jquery-1.8.3.min.js&scripts[]=ajax.js&scripts[]=keyhandler.js&scripts[]=jquery/jquery-ui-1.9.2.custom.min.js&scripts[]=jquery/jquery.sprintf.js&scripts[]=jquery/jquery.cookie.js&scripts[]=jquery/jquery.mousewheel.js&scripts[]=jquery/jquery.event.drag-2.2.js&scripts[]=jquery/jquery-ui-timepicker-addon.js&scripts[]=jquery/jquery.ba-hashchange-1.3.js&scripts[]=jquery/jquery.debounce-1.0.5.js&scripts[]=jquery/jquery.menuResizer-1.0.js&scripts[]=cross_framing_protection.js&scripts[]=rte.js&scripts[]=tracekit/tracekit.js&scripts[]=error_report.js&scripts[]=doclinks.js&scripts[]=functions.js&scripts[]=navigation.js&scripts[]=indexes.js&scripts[]=common.js&scripts[]=codemirror/lib/codemirror.js&scripts[]=codemirror/mode/sql/sql.js&scripts[]=codemirror/addon/runmode/runmode.js HTTP/1.1" 200 1039434
::1 - - [05/May/2017:14:05:14 +0200] "GET /phpmyadmin/phpmyadmin.css.php?server=1&token=1fd5b40c362dc38d3faf702ee84854a5&nocache=4291839835ltr HTTP/1.1" 200 84669
::1 - - [05/May/2017:14:05:14 +0200] "GET /phpmyadmin/js/messages.php?lang=es&db=&token=1fd5b40c362dc38d3faf702ee84854a5 HTTP/1.1" 200 19524
::1 - - [05/May/2017:14:05:21 +0200] "GET /dolibarr/theme/common/flags/mx.png HTTP/1.1" 200 393
