[Fri May 05 13:55:38.957182 2017] [mpm_winnt:notice] [pid 2744:tid 260] AH00455: Apache/2.4.9 (Win32) PHP/5.5.12 configured -- resuming normal operations
[Fri May 05 13:55:38.957182 2017] [mpm_winnt:notice] [pid 2744:tid 260] AH00456: Apache Lounge VC11 Server built: Mar 16 2014 12:13:13
[Fri May 05 13:55:38.958182 2017] [core:notice] [pid 2744:tid 260] AH00094: Command line: 'C:\\dolibarr\\bin\\apache\\apache2.4.9\\bin\\httpd.exe -d C:/dolibarr/bin/apache/apache2.4.9'
[Fri May 05 13:55:38.958182 2017] [mpm_winnt:notice] [pid 2744:tid 260] AH00418: Parent: Created child process 2372
Apache server shutdown initiated...
pm_winnt:notice] [pid 2372:tid 280] AH00354: Child: Starting 250 worker threads.
[Fri May 05 14:05:18.293402 2017] [mpm_winnt:notice] [pid 2744:tid 260] AH00422: Parent: Received shutdown signal -- Shutting down the server.
[Fri May 05 14:05:40.449669 2017] [core:warn] [pid 3768:tid 164] AH00098: pid file C:/dolibarr/bin/apache/apache2.4.9/logs/httpd.pid overwritten -- Unclean shutdown of previous Apache run?
[Fri May 05 14:05:40.458670 2017] [mpm_winnt:notice] [pid 3768:tid 164] AH00455: Apache/2.4.9 (Win32) PHP/5.5.12 configured -- resuming normal operations
[Fri May 05 14:05:40.458670 2017] [mpm_winnt:notice] [pid 3768:tid 164] AH00456: Apache Lounge VC11 Server built: Mar 16 2014 12:13:13
[Fri May 05 14:05:40.458670 2017] [core:notice] [pid 3768:tid 164] AH00094: Command line: 'C:\\dolibarr\\bin\\apache\\apache2.4.9\\bin\\httpd.exe -d C:/dolibarr/bin/apache/apache2.4.9'
[Fri May 05 14:05:40.459670 2017] [mpm_winnt:notice] [pid 3768:tid 164] AH00418: Parent: Created child process 3852
[Fri May 05 14:05:40.658681 2017] [mpm_winnt:notice] [pid 3852:tid 280] AH00354: Child: Starting 250 worker threads.
[Fri May 05 14:05:45.426954 2017] [mpm_winnt:notice] [pid 2372:tid 280] AH00364: Child: All worker threads have exited.
[Fri May 05 16:10:31.269109 2017] [core:warn] [pid 1972:tid 132] AH00098: pid file C:/dolibarr/bin/apache/apache2.4.9/logs/httpd.pid overwritten -- Unclean shutdown of previous Apache run?
[Fri May 05 16:10:31.456309 2017] [mpm_winnt:notice] [pid 1972:tid 132] AH00455: Apache/2.4.9 (Win32) PHP/5.5.12 configured -- resuming normal operations
[Fri May 05 16:10:31.456309 2017] [mpm_winnt:notice] [pid 1972:tid 132] AH00456: Apache Lounge VC11 Server built: Mar 16 2014 12:13:13
[Fri May 05 16:10:31.456309 2017] [core:notice] [pid 1972:tid 132] AH00094: Command line: 'C:\\dolibarr\\bin\\apache\\apache2.4.9\\bin\\httpd.exe -d C:/dolibarr/bin/apache/apache2.4.9'
[Fri May 05 16:10:31.456309 2017] [mpm_winnt:notice] [pid 1972:tid 132] AH00418: Parent: Created child process 2464
Apache server shutdown initiated...
pm_winnt:notice] [pid 2464:tid 296] AH00354: Child: Starting 250 worker threads.
[Fri May 05 16:13:16.441909 2017] [mpm_winnt:notice] [pid 1972:tid 132] AH00428: Parent: child process 2464 exited with status 1073807364 -- Restarting.
[Fri May 05 16:14:35.987040 2017] [core:warn] [pid 1512:tid 228] AH00098: pid file C:/dolibarr/bin/apache/apache2.4.9/logs/httpd.pid overwritten -- Unclean shutdown of previous Apache run?
[Fri May 05 16:14:42.273880 2017] [mpm_winnt:notice] [pid 1512:tid 228] AH00455: Apache/2.4.9 (Win32) PHP/5.5.12 configured -- resuming normal operations
[Fri May 05 16:14:42.273880 2017] [mpm_winnt:notice] [pid 1512:tid 228] AH00456: Apache Lounge VC11 Server built: Mar 16 2014 12:13:13
[Fri May 05 16:14:42.273880 2017] [core:notice] [pid 1512:tid 228] AH00094: Command line: 'c:\\dolibarr\\bin\\apache\\apache2.4.9\\bin\\httpd.exe -d C:/dolibarr/bin/apache/apache2.4.9'
[Fri May 05 16:14:42.289480 2017] [mpm_winnt:notice] [pid 1512:tid 228] AH00418: Parent: Created child process 1012
[Fri May 05 16:14:43.178686 2017] [mpm_winnt:notice] [pid 1012:tid 292] AH00354: Child: Starting 250 worker threads.
[Fri May 05 16:21:44.023451 2017] [mpm_winnt:notice] [pid 1512:tid 228] AH00422: Parent: Received shutdown signal -- Shutting down the server.
[Fri May 05 16:21:46.051451 2017] [mpm_winnt:notice] [pid 1012:tid 292] AH00364: Child: All worker threads have exited.
[Fri May 05 16:21:46.113851 2017] [mpm_winnt:notice] [pid 1512:tid 228] AH00430: Parent: Child process 1012 exited successfully.
[Fri May 05 16:22:21.623451 2017] [mpm_winnt:notice] [pid 3868:tid 360] AH00455: Apache/2.4.9 (Win32) PHP/5.5.12 configured -- resuming normal operations
[Fri May 05 16:22:21.623451 2017] [mpm_winnt:notice] [pid 3868:tid 360] AH00456: Apache Lounge VC11 Server built: Mar 16 2014 12:13:13
[Fri May 05 16:22:21.623451 2017] [core:notice] [pid 3868:tid 360] AH00094: Command line: 'c:\\dolibarr\\bin\\apache\\apache2.4.9\\bin\\httpd.exe -d C:/dolibarr/bin/apache/apache2.4.9'
[Fri May 05 16:22:21.623451 2017] [mpm_winnt:notice] [pid 3868:tid 360] AH00418: Parent: Created child process 724
[Fri May 05 16:22:22.107051 2017] [mpm_winnt:notice] [pid 724:tid 292] AH00354: Child: Starting 250 worker threads.
